Training started at Thu Jul 14 12:05:29 EDT 2022
Num of node 1
Num of GPU per node 4
PROCID: 0
LOCALID: 0
model_name: ../models/deit-marbertv2
Dataset: MADBase
Epochs: 25
Training started at Thu Jul 14 12:05:29 EDT 2022
Training started at Thu Jul 14 12:05:29 EDT 2022
Num of node 1
Num of GPU per node 4
PROCID: 0
LOCALID: 0
model_name: ../models/deit-marbertv2
Dataset: AHCD
Epochs: 25
Training started at Thu Jul 14 12:05:29 EDT 2022
ModelArguments(use_encoder_decoder=False, encoder_model_name_or_path=None, decoder_model_name_or_path=None, model_name_or_path='../models/deit-marbertv2', config_name=None, tokenizer_name=None, cache_dir='/home/gagan30/scratch/arocr/cache/', save_dir='/home/gagan30/scratch/arocr/checkpoints/', use_fast_tokenizer=True, model_revision='main', use_auth_token=False, resize_position_embeddings=None) DataTrainingArguments(lang=None, dataset_name='/home/gagan30/scratch/arocr/AraOCR_dataset', dataset_config_name='AHCD', text_column=None, summary_column=None, train_file=None, validation_file=None, test_file=None, overwrite_cache=False, preprocessing_num_workers=None, max_source_length=1024, max_target_length=128, val_max_target_length=None, pad_to_max_length=False, max_train_samples=None, max_eval_samples=None, max_predict_samples=None, num_beams=None, ignore_pad_token_for_loss=True, source_prefix='', forced_bos_token=None, split=1) Seq2SeqTrainingArguments(
_n_gpu=4,
adafactor=False,
adam_beta1=0.9,
adam_beta2=0.999,
adam_epsilon=1e-08,
auto_find_batch_size=False,
bf16=False,
bf16_full_eval=False,
data_seed=None,
dataloader_drop_last=False,
dataloader_num_workers=0,
dataloader_pin_memory=True,
ddp_bucket_cap_mb=None,
ddp_find_unused_parameters=None,
debug=[],
deepspeed=None,
disable_tqdm=False,
do_eval=True,
do_predict=True,
do_train=True,
eval_accumulation_steps=None,
eval_delay=0,
eval_steps=None,
evaluation_strategy=IntervalStrategy.EPOCH,
fp16=True,
fp16_backend=auto,
fp16_full_eval=False,
fp16_opt_level=O1,
fsdp=[],
fsdp_min_num_params=0,
full_determinism=False,
generation_max_length=None,
generation_num_beams=None,
gradient_accumulation_steps=1,
gradient_checkpointing=False,
greater_is_better=False,
group_by_length=False,
half_precision_backend=auto,
hub_model_id=None,
hub_private_repo=False,
hub_strategy=HubStrategy.EVERY_SAVE,
hub_token=<HUB_TOKEN>,
ignore_data_skip=False,
include_inputs_for_metrics=False,
jit_mode_eval=False,
label_names=None,
label_smoothing_factor=0.0,
learning_rate=5e-05,
length_column_name=length,
load_best_model_at_end=True,
local_rank=-1,
log_level=-1,
log_level_replica=-1,
log_on_each_node=True,
logging_dir=/home/gagan30/scratch/arocr/outputs/deit-base-distilled-patch16-224-MARBERTv2-AHCD/runs/Jul14_12-05-36_ng30504.narval.calcul.quebec,
logging_first_step=False,
logging_nan_inf_filter=True,
logging_steps=500,
logging_strategy=IntervalStrategy.EPOCH,
lr_scheduler_type=SchedulerType.LINEAR,
max_grad_norm=1.0,
max_steps=-1,
metric_for_best_model=cer,
mp_parameters=,
no_cuda=False,
num_train_epochs=25,
optim=OptimizerNames.ADAMW_HF,
output_dir=/home/gagan30/scratch/arocr/outputs/deit-base-distilled-patch16-224-MARBERTv2-AHCD,
overwrite_output_dir=False,
past_index=-1,
per_device_eval_batch_size=16,
per_device_train_batch_size=16,
predict_with_generate=True,
prediction_loss_only=False,
push_to_hub=False,
push_to_hub_model_id=None,
push_to_hub_organization=None,
push_to_hub_token=<PUSH_TO_HUB_TOKEN>,
ray_scope=last,
remove_unused_columns=True,
report_to=[],
resume_from_checkpoint=None,
run_name=deit-base-distilled-patch16-224-MARBERTv2-AHCD,
save_on_each_node=False,
save_steps=500,
save_strategy=IntervalStrategy.EPOCH,
save_total_limit=2,
seed=42,
sharded_ddp=[],
skip_memory_metrics=True,
sortish_sampler=False,
tf32=None,
torchdynamo=None,
tpu_metrics_debug=False,
tpu_num_cores=None,
use_ipex=False,
use_legacy_prediction_loop=False,
warmup_ratio=0.0,
warmup_steps=0,
weight_decay=0.0,
xpu_backend=None,
)
ModelArguments(use_encoder_decoder=False, encoder_model_name_or_path=None, decoder_model_name_or_path=None, model_name_or_path='../models/deit-marbertv2', config_name=None, tokenizer_name=None, cache_dir='/home/gagan30/scratch/arocr/cache/', save_dir='/home/gagan30/scratch/arocr/checkpoints/', use_fast_tokenizer=True, model_revision='main', use_auth_token=False, resize_position_embeddings=None) DataTrainingArguments(lang=None, dataset_name='/home/gagan30/scratch/arocr/AraOCR_dataset', dataset_config_name='MADBase', text_column=None, summary_column=None, train_file=None, validation_file=None, test_file=None, overwrite_cache=False, preprocessing_num_workers=None, max_source_length=1024, max_target_length=128, val_max_target_length=None, pad_to_max_length=False, max_train_samples=None, max_eval_samples=None, max_predict_samples=None, num_beams=None, ignore_pad_token_for_loss=True, source_prefix='', forced_bos_token=None, split=1) Seq2SeqTrainingArguments(
_n_gpu=4,
adafactor=False,
adam_beta1=0.9,
adam_beta2=0.999,
adam_epsilon=1e-08,
auto_find_batch_size=False,
bf16=False,
bf16_full_eval=False,
data_seed=None,
dataloader_drop_last=False,
dataloader_num_workers=0,
dataloader_pin_memory=True,
ddp_bucket_cap_mb=None,
ddp_find_unused_parameters=None,
debug=[],
deepspeed=None,
disable_tqdm=False,
do_eval=True,
do_predict=True,
do_train=True,
eval_accumulation_steps=None,
eval_delay=0,
eval_steps=None,
evaluation_strategy=IntervalStrategy.EPOCH,
fp16=True,
fp16_backend=auto,
fp16_full_eval=False,
fp16_opt_level=O1,
fsdp=[],
fsdp_min_num_params=0,
full_determinism=False,
generation_max_length=None,
generation_num_beams=None,
gradient_accumulation_steps=1,
gradient_checkpointing=False,
greater_is_better=False,
group_by_length=False,
half_precision_backend=auto,
hub_model_id=None,
hub_private_repo=False,
hub_strategy=HubStrategy.EVERY_SAVE,
hub_token=<HUB_TOKEN>,
ignore_data_skip=False,
include_inputs_for_metrics=False,
jit_mode_eval=False,
label_names=None,
label_smoothing_factor=0.0,
learning_rate=5e-05,
length_column_name=length,
load_best_model_at_end=True,
local_rank=-1,
log_level=-1,
log_level_replica=-1,
log_on_each_node=True,
logging_dir=/home/gagan30/scratch/arocr/outputs/deit-base-distilled-patch16-224-MARBERTv2-MADBase/runs/Jul14_12-05-36_ng20604.narval.calcul.quebec,
logging_first_step=False,
logging_nan_inf_filter=True,
logging_steps=500,
logging_strategy=IntervalStrategy.EPOCH,
lr_scheduler_type=SchedulerType.LINEAR,
max_grad_norm=1.0,
max_steps=-1,
metric_for_best_model=cer,
mp_parameters=,
no_cuda=False,
num_train_epochs=25,
optim=OptimizerNames.ADAMW_HF,
output_dir=/home/gagan30/scratch/arocr/outputs/deit-base-distilled-patch16-224-MARBERTv2-MADBase,
overwrite_output_dir=False,
past_index=-1,
per_device_eval_batch_size=16,
per_device_train_batch_size=16,
predict_with_generate=True,
prediction_loss_only=False,
push_to_hub=False,
push_to_hub_model_id=None,
push_to_hub_organization=None,
push_to_hub_token=<PUSH_TO_HUB_TOKEN>,
ray_scope=last,
remove_unused_columns=True,
report_to=[],
resume_from_checkpoint=None,
run_name=deit-base-distilled-patch16-224-MARBERTv2-MADBase,
save_on_each_node=False,
save_steps=500,
save_strategy=IntervalStrategy.EPOCH,
save_total_limit=2,
seed=42,
sharded_ddp=[],
skip_memory_metrics=True,
sortish_sampler=False,
tf32=None,
torchdynamo=None,
tpu_metrics_debug=False,
tpu_num_cores=None,
use_ipex=False,
use_legacy_prediction_loop=False,
warmup_ratio=0.0,
warmup_steps=0,
weight_decay=0.0,
xpu_backend=None,
)
***** eval metrics *****
  epoch                   =        4.0
  eval_cer                =     1.1608
  eval_loss               =     2.4633
  eval_runtime            = 0:05:54.74
  eval_samples_per_second =     16.914
  eval_steps_per_second   =      0.265
  eval_wer                =     0.5818
Predicting
{'eval_loss': 4.726104736328125, 'eval_cer': 0.7274085566069752, 'eval_wer': 0.9659525873918836, 'eval_runtime': 257.1637, 'eval_samples_per_second': 11.72, 'eval_steps_per_second': 0.187, 'epoch': 1.0}
{'loss': 4.4335, 'learning_rate': 4.6026525198938995e-05, 'epoch': 2.0}
{'eval_loss': 2.548133611679077, 'eval_cer': 0.48861130704760425, 'eval_wer': 0.7450360645109004, 'eval_runtime': 200.0894, 'eval_samples_per_second': 11.06, 'eval_steps_per_second': 0.175, 'epoch': 20.0}
{'loss': 1.5751, 'learning_rate': 8.04332129963899e-06, 'epoch': 21.0}
{'eval_loss': 1.3743400573730469, 'eval_cer': 0.04048042704626335, 'eval_wer': 0.046130952380952384, 'eval_runtime': 70.4043, 'eval_samples_per_second': 19.09, 'eval_steps_per_second': 0.298, 'epoch': 9.0}
{'loss': 0.0166, 'learning_rate': 3.0063492063492064e-05, 'epoch': 10.0}
***** predict metrics *****
  predict_cer                =      1.223
  predict_loss               =     2.4644
  predict_runtime            = 0:02:28.29
  predict_samples_per_second =     67.432
  predict_steps_per_second   =      1.059
  predict_wer                =     0.6138
Training ended at Thu Jul 14 12:08:53 EDT 2022
{'eval_loss': 0.06914255768060684, 'eval_cer': 0.028469750889679714, 'eval_wer': 0.033482142857142856, 'eval_runtime': 69.7213, 'eval_samples_per_second': 19.277, 'eval_steps_per_second': 0.301, 'epoch': 9.0}
{'loss': 0.0061, 'learning_rate': 3.0063492063492064e-05, 'epoch': 10.0}
{'eval_loss': 2.3493990898132324, 'eval_cer': 0.5022102936532996, 'eval_wer': 0.7202917202917203, 'eval_runtime': 80.1513, 'eval_samples_per_second': 18.752, 'eval_steps_per_second': 0.299, 'epoch': 2.0}
{'loss': 0.7678, 'learning_rate': 4.406382978723404e-05, 'epoch': 3.0}
{'eval_loss': 2.167419195175171, 'eval_cer': 0.6007419499723604, 'eval_wer': 0.8294188062412284, 'eval_runtime': 280.9796, 'eval_samples_per_second': 10.727, 'eval_steps_per_second': 0.171, 'epoch': 10.0}
{'loss': 1.0052, 'learning_rate': 2.80106100795756e-05, 'epoch': 11.0}
{'eval_loss': 0.03627750277519226, 'eval_cer': 0.022707314013298206, 'eval_wer': 0.03264331210191083, 'eval_runtime': 129.2529, 'eval_samples_per_second': 19.435, 'eval_steps_per_second': 0.309, 'epoch': 5.0}
{'loss': 0.0089, 'learning_rate': 3.805732484076434e-05, 'epoch': 6.0}
{'eval_loss': 2.7626805305480957, 'eval_cer': 0.03692170818505338, 'eval_wer': 0.044642857142857144, 'eval_runtime': 70.4912, 'eval_samples_per_second': 19.066, 'eval_steps_per_second': 0.298, 'epoch': 10.0}
{'loss': 0.0754, 'learning_rate': 2.8063492063492063e-05, 'epoch': 11.0}
{'eval_loss': 3.5334079265594482, 'eval_cer': 0.7576964947617557, 'eval_wer': 0.9993655761625817, 'eval_runtime': 248.8867, 'eval_samples_per_second': 12.11, 'eval_steps_per_second': 0.193, 'epoch': 3.0}
{'loss': 3.0831, 'learning_rate': 4.20212201591512e-05, 'epoch': 4.0}
Train dataset size: 20091
Eval dataset size: 2512
Predict dataset size: 2511
Training model
{'eval_loss': 2.0839459896087646, 'eval_cer': 0.2803125986738238, 'eval_wer': 0.38738738738738737, 'eval_runtime': 80.4454, 'eval_samples_per_second': 18.683, 'eval_steps_per_second': 0.298, 'epoch': 3.0}
{'loss': 0.3135, 'learning_rate': 4.206382978723404e-05, 'epoch': 4.0}
{'eval_loss': 0.00518000079318881, 'eval_cer': 0.003, 'eval_wer': 0.003, 'eval_runtime': 319.997, 'eval_samples_per_second': 18.75, 'eval_steps_per_second': 0.294, 'epoch': 3.0}
{'loss': 0.0047, 'learning_rate': 4.200473933649289e-05, 'epoch': 4.0}
{'eval_loss': 0.06874138861894608, 'eval_cer': 0.02802491103202847, 'eval_wer': 0.033482142857142856, 'eval_runtime': 69.8853, 'eval_samples_per_second': 19.232, 'eval_steps_per_second': 0.3, 'epoch': 10.0}
{'loss': 0.0047, 'learning_rate': 2.8063492063492063e-05, 'epoch': 11.0}
Train dataset size: 12096
Eval dataset size: 1344
Predict dataset size: 3360
Training model
{'eval_loss': 4.235343933105469, 'eval_cer': 0.7417371490023756, 'eval_wer': 0.9773722164654133, 'eval_runtime': 245.2738, 'eval_samples_per_second': 12.288, 'eval_steps_per_second': 0.196, 'epoch': 2.0}
{'loss': 4.0065, 'learning_rate': 4.4026525198938994e-05, 'epoch': 3.0}
{'eval_loss': 1.092145323753357, 'eval_cer': 0.029804270462633453, 'eval_wer': 0.03273809523809524, 'eval_runtime': 71.5163, 'eval_samples_per_second': 18.793, 'eval_steps_per_second': 0.294, 'epoch': 11.0}
{'loss': 0.0084, 'learning_rate': 2.6063492063492062e-05, 'epoch': 12.0}
{'eval_loss': 2.6643331050872803, 'eval_cer': 0.47950812843313134, 'eval_wer': 0.7355269200637545, 'eval_runtime': 185.2181, 'eval_samples_per_second': 11.948, 'eval_steps_per_second': 0.189, 'epoch': 21.0}
{'loss': 1.525, 'learning_rate': 6.0433212996389895e-06, 'epoch': 22.0}
{'eval_loss': 0.835914134979248, 'eval_cer': 0.15424692137669718, 'eval_wer': 0.21964821964821965, 'eval_runtime': 80.9665, 'eval_samples_per_second': 18.563, 'eval_steps_per_second': 0.296, 'epoch': 4.0}
{'loss': 0.168, 'learning_rate': 4.006382978723404e-05, 'epoch': 5.0}
{'eval_loss': 2.181306838989258, 'eval_cer': 0.5970883430071863, 'eval_wer': 0.8302237265747544, 'eval_runtime': 284.2544, 'eval_samples_per_second': 10.603, 'eval_steps_per_second': 0.169, 'epoch': 11.0}
{'loss': 0.8503, 'learning_rate': 2.6010610079575596e-05, 'epoch': 12.0}
{'loss': 2.2711, 'learning_rate': 4.806349206349207e-05, 'epoch': 1.0}
{'loss': 0.2336, 'learning_rate': 4.801421800947867e-05, 'epoch': 1.0}
{'eval_loss': 0.0760771706700325, 'eval_cer': 0.03291814946619217, 'eval_wer': 0.03869047619047619, 'eval_runtime': 77.2248, 'eval_samples_per_second': 17.404, 'eval_steps_per_second': 0.272, 'epoch': 11.0}
{'loss': 0.0031, 'learning_rate': 2.6063492063492062e-05, 'epoch': 12.0}
{'eval_loss': 0.028843119740486145, 'eval_cer': 0.009910927110776565, 'eval_wer': 0.015127388535031847, 'eval_runtime': 131.4022, 'eval_samples_per_second': 19.117, 'eval_steps_per_second': 0.304, 'epoch': 6.0}
{'loss': 0.0066, 'learning_rate': 3.605732484076433e-05, 'epoch': 7.0}
{'loss': 3.0195, 'learning_rate': 4.803821656050956e-05, 'epoch': 1.0}
{'eval_loss': 1.080183744430542, 'eval_cer': 0.03558718861209965, 'eval_wer': 0.03869047619047619, 'eval_runtime': 70.3124, 'eval_samples_per_second': 19.115, 'eval_steps_per_second': 0.299, 'epoch': 12.0}
{'loss': 0.012, 'learning_rate': 2.4063492063492064e-05, 'epoch': 13.0}
{'eval_loss': 3.173419237136841, 'eval_cer': 0.7143272701629431, 'eval_wer': 0.9484847844016325, 'eval_runtime': 265.5435, 'eval_samples_per_second': 11.35, 'eval_steps_per_second': 0.181, 'epoch': 4.0}
{'loss': 2.5501, 'learning_rate': 4.002122015915119e-05, 'epoch': 5.0}
{'eval_loss': 1.0933738946914673, 'eval_cer': 0.09914745816229871, 'eval_wer': 0.1437151437151437, 'eval_runtime': 81.5265, 'eval_samples_per_second': 18.436, 'eval_steps_per_second': 0.294, 'epoch': 5.0}
{'loss': 0.1041, 'learning_rate': 3.8063829787234046e-05, 'epoch': 6.0}
{'eval_loss': 4.085179328918457, 'eval_cer': 0.03469750889679715, 'eval_wer': 0.03869047619047619, 'eval_runtime': 71.681, 'eval_samples_per_second': 18.75, 'eval_steps_per_second': 0.293, 'epoch': 13.0}
Training ended at Thu Jul 14 12:50:00 EDT 2022
{'eval_loss': 1.8719881772994995, 'eval_cer': 0.15969750889679715, 'eval_wer': 0.18973214285714285, 'eval_runtime': 70.7676, 'eval_samples_per_second': 18.992, 'eval_steps_per_second': 0.297, 'epoch': 1.0}
{'loss': 0.469, 'learning_rate': 4.606349206349207e-05, 'epoch': 2.0}
{'eval_loss': 0.09105943143367767, 'eval_cer': 0.04181494661921708, 'eval_wer': 0.04538690476190476, 'eval_runtime': 70.1255, 'eval_samples_per_second': 19.166, 'eval_steps_per_second': 0.299, 'epoch': 12.0}
{'loss': 0.0022, 'learning_rate': 2.4063492063492064e-05, 'epoch': 13.0}
{'eval_loss': 0.07762668281793594, 'eval_cer': 0.03202846975088968, 'eval_wer': 0.03571428571428571, 'eval_runtime': 70.1582, 'eval_samples_per_second': 19.157, 'eval_steps_per_second': 0.299, 'epoch': 13.0}
{'train_runtime': 10172.13, 'train_samples_per_second': 29.728, 'train_steps_per_second': 0.465, 'train_loss': 0.12120620432693782, 'epoch': 13.0}
***** train metrics *****
  epoch                    =       13.0
  train_loss               =     0.1212
  train_runtime            = 2:49:32.12
  train_samples_per_second =     29.728
  train_steps_per_second   =      0.465
Evaluating model
***** eval metrics *****
  epoch                   =       13.0
  eval_cer                =      0.028
  eval_loss               =     0.0687
  eval_runtime            = 0:01:10.73
  eval_samples_per_second =     19.001
  eval_steps_per_second   =      0.297
  eval_wer                =     0.0335
Predicting
***** predict metrics *****
  predict_cer                =     0.0293
  predict_loss               =     0.0746
  predict_runtime            = 0:00:28.40
  predict_samples_per_second =    118.304
  predict_steps_per_second   =      1.866
  predict_wer                =      0.036
Training ended at Thu Jul 14 12:56:14 EDT 2022
{'eval_loss': 2.771287679672241, 'eval_cer': 0.4746038534382689, 'eval_wer': 0.7312315962935948, 'eval_runtime': 189.2488, 'eval_samples_per_second': 11.694, 'eval_steps_per_second': 0.185, 'epoch': 22.0}
{'loss': 1.476, 'learning_rate': 4.043321299638989e-06, 'epoch': 23.0}
{'eval_loss': 3.9705541133880615, 'eval_cer': 0.7575378268668821, 'eval_wer': 1.001522617209804, 'eval_runtime': 258.4904, 'eval_samples_per_second': 11.66, 'eval_steps_per_second': 0.186, 'epoch': 3.0}
{'loss': 3.6179, 'learning_rate': 4.202652519893899e-05, 'epoch': 4.0}
{'eval_loss': 2.2007176876068115, 'eval_cer': 0.5920311636263129, 'eval_wer': 0.8228349706926442, 'eval_runtime': 282.4384, 'eval_samples_per_second': 10.671, 'eval_steps_per_second': 0.17, 'epoch': 12.0}
{'loss': 0.7269, 'learning_rate': 2.40106100795756e-05, 'epoch': 13.0}
{'eval_loss': 2.62052845954895, 'eval_cer': 0.06361209964412812, 'eval_wer': 0.06994047619047619, 'eval_runtime': 69.6046, 'eval_samples_per_second': 19.309, 'eval_steps_per_second': 0.302, 'epoch': 2.0}
{'loss': 0.2854, 'learning_rate': 4.4063492063492066e-05, 'epoch': 3.0}
{'eval_loss': 0.035126522183418274, 'eval_cer': 0.017814577844686992, 'eval_wer': 0.024681528662420384, 'eval_runtime': 129.6454, 'eval_samples_per_second': 19.376, 'eval_steps_per_second': 0.309, 'epoch': 7.0}
{'loss': 0.0032, 'learning_rate': 3.405732484076433e-05, 'epoch': 8.0}
{'eval_loss': 3.6863439083099365, 'eval_cer': 0.7675294968024011, 'eval_wer': 0.988559223465223, 'eval_runtime': 266.6643, 'eval_samples_per_second': 11.303, 'eval_steps_per_second': 0.18, 'epoch': 4.0}
{'train_runtime': 8506.6982, 'train_samples_per_second': 70.856, 'train_steps_per_second': 1.108, 'train_loss': 4.485609869109541, 'epoch': 4.0}
***** train metrics *****
  epoch                    =        4.0
  train_loss               =     4.4856
  train_runtime            = 2:21:46.69
  train_samples_per_second =     70.856
  train_steps_per_second   =      1.108
Evaluating model
{'eval_loss': 0.7548389434814453, 'eval_cer': 0.11288285443637512, 'eval_wer': 0.1625911625911626, 'eval_runtime': 81.0948, 'eval_samples_per_second': 18.534, 'eval_steps_per_second': 0.296, 'epoch': 6.0}
{'loss': 0.0668, 'learning_rate': 3.6063829787234045e-05, 'epoch': 7.0}
{'eval_loss': 1.1846203804016113, 'eval_cer': 0.15870028854597917, 'eval_wer': 0.21735668789808918, 'eval_runtime': 139.2884, 'eval_samples_per_second': 18.035, 'eval_steps_per_second': 0.287, 'epoch': 1.0}
{'loss': 0.4123, 'learning_rate': 4.603821656050956e-05, 'epoch': 2.0}
***** eval metrics *****
  epoch                   =        4.0
  eval_cer                =     0.7274
  eval_loss               =     4.7261
  eval_runtime            = 0:03:55.41
  eval_samples_per_second =     12.803
  eval_steps_per_second   =      0.204
  eval_wer                =      0.966
Predicting
***** predict metrics *****
  predict_cer                =     0.7283
  predict_loss               =     4.7152
  predict_runtime            = 0:01:39.30
  predict_samples_per_second =     30.351
  predict_steps_per_second   =      0.483
  predict_wer                =     0.9653
Training ended at Thu Jul 14 13:11:00 EDT 2022
{'eval_loss': 2.888577938079834, 'eval_cer': 0.7151867212601757, 'eval_wer': 0.9398777676739908, 'eval_runtime': 254.8713, 'eval_samples_per_second': 11.826, 'eval_steps_per_second': 0.188, 'epoch': 5.0}
{'loss': 2.1112, 'learning_rate': 3.802122015915119e-05, 'epoch': 6.0}
{'eval_loss': 2.599423885345459, 'eval_cer': 0.4769810105139214, 'eval_wer': 0.7352837885295945, 'eval_runtime': 194.2618, 'eval_samples_per_second': 11.392, 'eval_steps_per_second': 0.18, 'epoch': 23.0}
{'loss': 1.4342, 'learning_rate': 2.0433212996389896e-06, 'epoch': 24.0}
{'eval_loss': 3.0894463062286377, 'eval_cer': 0.04448398576512456, 'eval_wer': 0.05133928571428571, 'eval_runtime': 69.4543, 'eval_samples_per_second': 19.351, 'eval_steps_per_second': 0.302, 'epoch': 3.0}
{'loss': 0.1616, 'learning_rate': 4.2063492063492065e-05, 'epoch': 4.0}
{'eval_loss': 1.788249135017395, 'eval_cer': 0.07672876539311652, 'eval_wer': 0.11883311883311884, 'eval_runtime': 81.249, 'eval_samples_per_second': 18.499, 'eval_steps_per_second': 0.295, 'epoch': 7.0}
{'loss': 0.0506, 'learning_rate': 3.4063829787234044e-05, 'epoch': 8.0}
{'eval_loss': 1.2898273468017578, 'eval_cer': 0.19508217287667795, 'eval_wer': 0.20979299363057324, 'eval_runtime': 137.7247, 'eval_samples_per_second': 18.239, 'eval_steps_per_second': 0.29, 'epoch': 2.0}
{'loss': 0.2089, 'learning_rate': 4.403821656050956e-05, 'epoch': 3.0}
{'eval_loss': 0.02026219107210636, 'eval_cer': 0.011833333333333333, 'eval_wer': 0.011833333333333333, 'eval_runtime': 318.7061, 'eval_samples_per_second': 18.826, 'eval_steps_per_second': 0.295, 'epoch': 4.0}
{'loss': 0.0026, 'learning_rate': 4.000473933649289e-05, 'epoch': 5.0}
{'eval_loss': 0.02669861912727356, 'eval_cer': 0.010663655752101367, 'eval_wer': 0.01592356687898089, 'eval_runtime': 131.1942, 'eval_samples_per_second': 19.147, 'eval_steps_per_second': 0.305, 'epoch': 8.0}
{'loss': 0.0035, 'learning_rate': 3.205732484076433e-05, 'epoch': 9.0}
{'eval_loss': 0.7490592002868652, 'eval_cer': 0.10080517840227345, 'eval_wer': 0.1347061347061347, 'eval_runtime': 81.2313, 'eval_samples_per_second': 18.503, 'eval_steps_per_second': 0.295, 'epoch': 8.0}
{'loss': 0.0386, 'learning_rate': 3.206382978723404e-05, 'epoch': 9.0}
{'eval_loss': 2.0550591945648193, 'eval_cer': 0.05604982206405694, 'eval_wer': 0.06696428571428571, 'eval_runtime': 70.5582, 'eval_samples_per_second': 19.048, 'eval_steps_per_second': 0.298, 'epoch': 4.0}
{'loss': 0.0975, 'learning_rate': 4.006349206349206e-05, 'epoch': 5.0}
{'eval_loss': 0.03947705775499344, 'eval_cer': 0.015305482373604316, 'eval_wer': 0.02308917197452229, 'eval_runtime': 135.0001, 'eval_samples_per_second': 18.607, 'eval_steps_per_second': 0.296, 'epoch': 9.0}
{'train_runtime': 12183.3829, 'train_samples_per_second': 41.226, 'train_steps_per_second': 0.644, 'train_loss': 0.1602997486674018, 'epoch': 9.0}
***** train metrics *****
  epoch                    =        9.0
  train_loss               =     0.1603
  train_runtime            = 3:23:03.38
  train_samples_per_second =     41.226
  train_steps_per_second   =      0.644
Evaluating model
{'eval_loss': 2.6559486389160156, 'eval_cer': 0.4687831510661105, 'eval_wer': 0.7245860010265553, 'eval_runtime': 185.5606, 'eval_samples_per_second': 11.926, 'eval_steps_per_second': 0.189, 'epoch': 24.0}
{'loss': 1.4098, 'learning_rate': 4.332129963898917e-08, 'epoch': 25.0}
***** eval metrics *****
  epoch                   =        9.0
  eval_cer                =     0.0099
  eval_loss               =     0.0288
  eval_runtime            = 0:02:16.83
  eval_samples_per_second =     18.357
  eval_steps_per_second   =      0.292
  eval_wer                =     0.0151
Predicting
***** predict metrics *****
  predict_cer                =     0.0158
  predict_loss               =     0.0377
  predict_runtime            = 0:00:24.09
  predict_samples_per_second =    104.207
  predict_steps_per_second   =       1.66
  predict_wer                =     0.0227
Training ended at Thu Jul 14 13:37:08 EDT 2022
Train dataset size: 54000
Eval dataset size: 6000
Predict dataset size: 10000
Training model
{'eval_loss': 2.651878595352173, 'eval_cer': 0.46916638433297975, 'eval_wer': 0.7247480887159954, 'eval_runtime': 186.6767, 'eval_samples_per_second': 11.855, 'eval_steps_per_second': 0.187, 'epoch': 25.0}
{'train_runtime': 31503.2894, 'train_samples_per_second': 14.048, 'train_steps_per_second': 0.22, 'train_loss': 2.949387277541178, 'epoch': 25.0}
***** train metrics *****
  epoch                    =       25.0
  train_loss               =     2.9494
  train_runtime            = 8:45:03.28
  train_samples_per_second =     14.048
  train_steps_per_second   =       0.22
Evaluating model
{'eval_loss': 2.658670663833618, 'eval_cer': 0.6649374804419782, 'eval_wer': 0.8929304037050352, 'eval_runtime': 247.3826, 'eval_samples_per_second': 12.184, 'eval_steps_per_second': 0.194, 'epoch': 6.0}
{'loss': 1.754, 'learning_rate': 3.60212201591512e-05, 'epoch': 7.0}
***** eval metrics *****
  epoch                   =       25.0
  eval_cer                =     0.4688
  eval_loss               =     2.6559
  eval_runtime            = 0:03:15.72
  eval_samples_per_second =     11.307
  eval_steps_per_second   =      0.179
  eval_wer                =     0.7246
Predicting
{'eval_loss': 1.5916337966918945, 'eval_cer': 0.06709820018945374, 'eval_wer': 0.10467610467610468, 'eval_runtime': 80.9223, 'eval_samples_per_second': 18.573, 'eval_steps_per_second': 0.297, 'epoch': 9.0}
{'loss': 0.0296, 'learning_rate': 3.0063829787234045e-05, 'epoch': 10.0}
***** predict metrics *****
  predict_cer                =     0.4604
  predict_loss               =     2.5883
  predict_runtime            = 0:01:28.44
  predict_samples_per_second =     25.021
  predict_steps_per_second   =      0.396
  predict_wer                =     0.7171
Training ended at Thu Jul 14 13:43:30 EDT 2022
{'eval_loss': 0.9139447808265686, 'eval_cer': 0.06272241992882563, 'eval_wer': 0.06770833333333333, 'eval_runtime': 79.0152, 'eval_samples_per_second': 17.009, 'eval_steps_per_second': 0.266, 'epoch': 5.0}
{'loss': 0.0726, 'learning_rate': 3.806349206349207e-05, 'epoch': 6.0}
{'eval_loss': 2.243046522140503, 'eval_cer': 0.5890080845771144, 'eval_wer': 0.8193882605465203, 'eval_runtime': 297.3445, 'eval_samples_per_second': 10.136, 'eval_steps_per_second': 0.161, 'epoch': 13.0}
{'loss': 0.6023, 'learning_rate': 2.2010610079575597e-05, 'epoch': 14.0}
{'eval_loss': 2.2930727005004883, 'eval_cer': 0.08375434164824755, 'eval_wer': 0.11454311454311454, 'eval_runtime': 94.7347, 'eval_samples_per_second': 15.865, 'eval_steps_per_second': 0.253, 'epoch': 10.0}
{'loss': 0.0257, 'learning_rate': 2.806382978723404e-05, 'epoch': 11.0}
{'eval_loss': 1.9713627099990845, 'eval_cer': 0.04181494661921708, 'eval_wer': 0.049107142857142856, 'eval_runtime': 72.7246, 'eval_samples_per_second': 18.481, 'eval_steps_per_second': 0.289, 'epoch': 6.0}
{'loss': 0.0575, 'learning_rate': 3.606349206349207e-05, 'epoch': 7.0}
{'eval_loss': 2.534402370452881, 'eval_cer': 0.059591017438213524, 'eval_wer': 0.10589171974522293, 'eval_runtime': 144.9807, 'eval_samples_per_second': 17.326, 'eval_steps_per_second': 0.276, 'epoch': 3.0}
{'loss': 0.1246, 'learning_rate': 4.2038216560509556e-05, 'epoch': 4.0}
{'eval_loss': 2.555088520050049, 'eval_cer': 0.6430809779231254, 'eval_wer': 0.8735170342800347, 'eval_runtime': 250.308, 'eval_samples_per_second': 12.041, 'eval_steps_per_second': 0.192, 'epoch': 7.0}
{'loss': 1.4414, 'learning_rate': 3.4021220159151196e-05, 'epoch': 8.0}
{'eval_loss': 2.6114869117736816, 'eval_cer': 0.07459741079886328, 'eval_wer': 0.10810810810810811, 'eval_runtime': 81.1354, 'eval_samples_per_second': 18.525, 'eval_steps_per_second': 0.296, 'epoch': 11.0}
{'loss': 0.0194, 'learning_rate': 2.6063829787234046e-05, 'epoch': 12.0}
{'eval_loss': 2.0621836185455322, 'eval_cer': 0.07822860751499842, 'eval_wer': 0.11711711711711711, 'eval_runtime': 87.8044, 'eval_samples_per_second': 17.118, 'eval_steps_per_second': 0.273, 'epoch': 12.0}
{'train_runtime': 9561.3572, 'train_samples_per_second': 31.434, 'train_steps_per_second': 0.492, 'train_loss': 0.6779874867581307, 'epoch': 12.0}
***** train metrics *****
  epoch                    =       12.0
  train_loss               =      0.678
  train_runtime            = 2:39:21.35
  train_samples_per_second =     31.434
  train_steps_per_second   =      0.492
Evaluating model
{'eval_loss': 1.468348503112793, 'eval_cer': 0.050711743772241996, 'eval_wer': 0.05952380952380952, 'eval_runtime': 70.0453, 'eval_samples_per_second': 19.188, 'eval_steps_per_second': 0.3, 'epoch': 7.0}
{'loss': 0.0377, 'learning_rate': 3.4063492063492067e-05, 'epoch': 8.0}
***** eval metrics *****
  epoch                   =       12.0
  eval_cer                =     0.0671
  eval_loss               =     1.5916
  eval_runtime            = 0:01:21.44
  eval_samples_per_second =     18.454
  eval_steps_per_second   =      0.295
  eval_wer                =     0.1047
Predicting
***** predict metrics *****
  predict_cer                =     0.0538
  predict_loss               =     1.5239
  predict_runtime            = 0:00:16.87
  predict_samples_per_second =     89.063
  predict_steps_per_second   =      1.422
  predict_wer                =     0.0882
Training ended at Thu Jul 14 14:11:49 EDT 2022
{'eval_loss': 2.1184630393981934, 'eval_cer': 0.06611466566302848, 'eval_wer': 0.09792993630573249, 'eval_runtime': 143.0461, 'eval_samples_per_second': 17.561, 'eval_steps_per_second': 0.28, 'epoch': 4.0}
{'loss': 0.1012, 'learning_rate': 4.0038216560509554e-05, 'epoch': 5.0}
{'eval_loss': 0.9346627593040466, 'eval_cer': 0.04893238434163701, 'eval_wer': 0.060267857142857144, 'eval_runtime': 77.3131, 'eval_samples_per_second': 17.384, 'eval_steps_per_second': 0.272, 'epoch': 8.0}
{'loss': 0.0209, 'learning_rate': 3.2063492063492065e-05, 'epoch': 9.0}
{'eval_loss': 2.275883197784424, 'eval_cer': 0.5886582711442786, 'eval_wer': 0.819739123256006, 'eval_runtime': 288.1723, 'eval_samples_per_second': 10.459, 'eval_steps_per_second': 0.167, 'epoch': 14.0}
{'loss': 0.501, 'learning_rate': 2.0010610079575596e-05, 'epoch': 15.0}
{'eval_loss': 0.015289519913494587, 'eval_cer': 0.009833333333333333, 'eval_wer': 0.009833333333333333, 'eval_runtime': 370.9967, 'eval_samples_per_second': 16.173, 'eval_steps_per_second': 0.253, 'epoch': 1.0}
{'loss': 0.0075, 'learning_rate': 4.601421800947868e-05, 'epoch': 2.0}
{'eval_loss': 2.5299928188323975, 'eval_cer': 0.6343410213804989, 'eval_wer': 0.8600461014655191, 'eval_runtime': 253.9049, 'eval_samples_per_second': 11.871, 'eval_steps_per_second': 0.189, 'epoch': 8.0}
{'loss': 1.1771, 'learning_rate': 3.2021220159151195e-05, 'epoch': 9.0}
{'eval_loss': 1.3743400573730469, 'eval_cer': 0.04048042704626335, 'eval_wer': 0.046130952380952384, 'eval_runtime': 70.705, 'eval_samples_per_second': 19.009, 'eval_steps_per_second': 0.297, 'epoch': 9.0}
{'loss': 0.0166, 'learning_rate': 3.0063492063492064e-05, 'epoch': 10.0}
{'eval_loss': 0.00940129067748785, 'eval_cer': 0.0065, 'eval_wer': 0.0065, 'eval_runtime': 339.9086, 'eval_samples_per_second': 17.652, 'eval_steps_per_second': 0.277, 'epoch': 5.0}
{'loss': 0.0027, 'learning_rate': 3.80047393364929e-05, 'epoch': 6.0}
{'eval_loss': 3.567014217376709, 'eval_cer': 0.09948563542842805, 'eval_wer': 0.13415605095541402, 'eval_runtime': 132.4105, 'eval_samples_per_second': 18.971, 'eval_steps_per_second': 0.302, 'epoch': 5.0}
{'loss': 0.1354, 'learning_rate': 3.803821656050955e-05, 'epoch': 6.0}
{'loss': 1.1974, 'learning_rate': 4.801421800947867e-05, 'epoch': 1.0}
{'eval_loss': 2.7626805305480957, 'eval_cer': 0.03692170818505338, 'eval_wer': 0.044642857142857144, 'eval_runtime': 71.8791, 'eval_samples_per_second': 18.698, 'eval_steps_per_second': 0.292, 'epoch': 10.0}
{'loss': 0.0754, 'learning_rate': 2.8063492063492063e-05, 'epoch': 11.0}
{'eval_loss': 0.008035918697714806, 'eval_cer': 0.004833333333333334, 'eval_wer': 0.004833333333333334, 'eval_runtime': 356.1556, 'eval_samples_per_second': 16.847, 'eval_steps_per_second': 0.264, 'epoch': 6.0}
{'train_runtime': 24099.8617, 'train_samples_per_second': 56.017, 'train_steps_per_second': 0.876, 'train_loss': 0.028558517095601955, 'epoch': 6.0}
***** train metrics *****
  epoch                    =        6.0
  train_loss               =     0.0286
  train_runtime            = 6:41:39.86
  train_samples_per_second =     56.017
  train_steps_per_second   =      0.876
Evaluating model
{'eval_loss': 2.3092916011810303, 'eval_cer': 0.5870905887230514, 'eval_wer': 0.8171386114092297, 'eval_runtime': 301.7718, 'eval_samples_per_second': 9.988, 'eval_steps_per_second': 0.159, 'epoch': 15.0}
{'loss': 0.4194, 'learning_rate': 1.80106100795756e-05, 'epoch': 16.0}
***** eval metrics *****
  epoch                   =        6.0
  eval_cer                =      0.003
  eval_loss               =     0.0052
  eval_runtime            = 0:05:14.91
  eval_samples_per_second =     19.052
  eval_steps_per_second   =      0.298
  eval_wer                =      0.003
Predicting
***** predict metrics *****
  predict_cer                =     0.0053
  predict_loss               =     0.0094
  predict_runtime            = 0:01:27.99
  predict_samples_per_second =    113.646
  predict_steps_per_second   =      1.784
  predict_wer                =     0.0053
Training ended at Thu Jul 14 14:58:30 EDT 2022
{'eval_loss': 2.543386697769165, 'eval_cer': 0.6288625715658317, 'eval_wer': 0.8552033328398926, 'eval_runtime': 254.8223, 'eval_samples_per_second': 11.828, 'eval_steps_per_second': 0.188, 'epoch': 9.0}
{'loss': 0.9569, 'learning_rate': 3.0021220159151197e-05, 'epoch': 10.0}
{'eval_loss': 1.092145323753357, 'eval_cer': 0.029804270462633453, 'eval_wer': 0.03273809523809524, 'eval_runtime': 78.2051, 'eval_samples_per_second': 17.186, 'eval_steps_per_second': 0.269, 'epoch': 11.0}
{'loss': 0.0084, 'learning_rate': 2.6063492063492062e-05, 'epoch': 12.0}
{'eval_loss': 2.7787954807281494, 'eval_cer': 0.05394555262827751, 'eval_wer': 0.08917197452229299, 'eval_runtime': 133.2686, 'eval_samples_per_second': 18.849, 'eval_steps_per_second': 0.3, 'epoch': 6.0}
{'loss': 0.0622, 'learning_rate': 3.603821656050956e-05, 'epoch': 7.0}
{'eval_loss': 1.080183744430542, 'eval_cer': 0.03558718861209965, 'eval_wer': 0.03869047619047619, 'eval_runtime': 70.5209, 'eval_samples_per_second': 19.058, 'eval_steps_per_second': 0.298, 'epoch': 12.0}
{'loss': 0.012, 'learning_rate': 2.4063492063492064e-05, 'epoch': 13.0}
{'eval_loss': 2.3503341674804688, 'eval_cer': 0.5815194859038143, 'eval_wer': 0.8169115825972096, 'eval_runtime': 284.0718, 'eval_samples_per_second': 10.61, 'eval_steps_per_second': 0.169, 'epoch': 16.0}
{'loss': 0.3486, 'learning_rate': 1.6010610079575597e-05, 'epoch': 17.0}
{'eval_loss': 4.085179328918457, 'eval_cer': 0.03469750889679715, 'eval_wer': 0.03869047619047619, 'eval_runtime': 71.3202, 'eval_samples_per_second': 18.845, 'eval_steps_per_second': 0.294, 'epoch': 13.0}
{'loss': 0.004, 'learning_rate': 2.2063492063492063e-05, 'epoch': 14.0}
{'eval_loss': 4.049544334411621, 'eval_cer': 0.035142348754448396, 'eval_wer': 0.041666666666666664, 'eval_runtime': 71.2737, 'eval_samples_per_second': 18.857, 'eval_steps_per_second': 0.295, 'epoch': 14.0}
{'train_runtime': 10707.502, 'train_samples_per_second': 28.242, 'train_steps_per_second': 0.441, 'train_loss': 0.25639547291616555, 'epoch': 14.0}
***** train metrics *****
  epoch                    =       14.0
  train_loss               =     0.2564
  train_runtime            = 2:58:27.50
  train_samples_per_second =     28.242
  train_steps_per_second   =      0.441
Evaluating model
{'eval_loss': 2.616023063659668, 'eval_cer': 0.059089198343996986, 'eval_wer': 0.10031847133757962, 'eval_runtime': 131.0908, 'eval_samples_per_second': 19.162, 'eval_steps_per_second': 0.305, 'epoch': 7.0}
{'loss': 0.0574, 'learning_rate': 3.403821656050956e-05, 'epoch': 8.0}
***** eval metrics *****
  epoch                   =       14.0
  eval_cer                =     0.0298
  eval_loss               =     1.0921
  eval_runtime            = 0:01:16.10
  eval_samples_per_second =     17.661
  eval_steps_per_second   =      0.276
  eval_wer                =     0.0327
Predicting
***** predict metrics *****
  predict_cer                =      0.028
  predict_loss               =     1.0924
  predict_runtime            = 0:00:29.24
  predict_samples_per_second =    114.877
  predict_steps_per_second   =      1.812
  predict_wer                =     0.0324
Training ended at Thu Jul 14 15:29:09 EDT 2022
{'eval_loss': 2.538536548614502, 'eval_cer': 0.6129208555725487, 'eval_wer': 0.8349229175037537, 'eval_runtime': 250.9416, 'eval_samples_per_second': 12.011, 'eval_steps_per_second': 0.191, 'epoch': 10.0}
{'loss': 0.7595, 'learning_rate': 2.8021220159151196e-05, 'epoch': 11.0}
{'eval_loss': 2.4075090885162354, 'eval_cer': 0.5802066058595909, 'eval_wer': 0.8163956080244366, 'eval_runtime': 286.1919, 'eval_samples_per_second': 10.531, 'eval_steps_per_second': 0.168, 'epoch': 17.0}
{'loss': 0.2908, 'learning_rate': 1.4010610079575598e-05, 'epoch': 18.0}
{'eval_loss': 2.076024293899536, 'eval_cer': 0.060343746079538324, 'eval_wer': 0.08957006369426751, 'eval_runtime': 133.0434, 'eval_samples_per_second': 18.881, 'eval_steps_per_second': 0.301, 'epoch': 8.0}
{'loss': 0.0477, 'learning_rate': 3.2038216560509556e-05, 'epoch': 9.0}
{'eval_loss': 2.96704363822937, 'eval_cer': 0.07602559277380504, 'eval_wer': 0.11624203821656051, 'eval_runtime': 132.702, 'eval_samples_per_second': 18.93, 'eval_steps_per_second': 0.301, 'epoch': 9.0}
{'train_runtime': 13269.0024, 'train_samples_per_second': 37.853, 'train_steps_per_second': 0.592, 'train_loss': 0.463249430619312, 'epoch': 9.0}
***** train metrics *****
  epoch                    =        9.0
  train_loss               =     0.4632
  train_runtime            = 3:41:09.00
  train_samples_per_second =     37.853
  train_steps_per_second   =      0.592
Evaluating model
***** eval metrics *****
  epoch                   =        9.0
  eval_cer                =     0.0539
  eval_loss               =     2.7788
  eval_runtime            = 0:02:10.88
  eval_samples_per_second =     19.193
  eval_steps_per_second   =      0.306
  eval_wer                =     0.0892
Predicting
***** predict metrics *****
  predict_cer                =     0.0619
  predict_loss               =      2.821
  predict_runtime            = 0:00:24.09
  predict_samples_per_second =    104.212
  predict_steps_per_second   =       1.66
  predict_wer                =     0.0984
Training ended at Thu Jul 14 16:07:39 EDT 2022
{'eval_loss': 2.590043544769287, 'eval_cer': 0.616980109216401, 'eval_wer': 0.8442066529913084, 'eval_runtime': 255.3263, 'eval_samples_per_second': 11.805, 'eval_steps_per_second': 0.188, 'epoch': 11.0}
{'loss': 0.5988, 'learning_rate': 2.6021220159151194e-05, 'epoch': 12.0}
{'eval_loss': 2.459519147872925, 'eval_cer': 0.58585112631288, 'eval_wer': 0.8224428300173368, 'eval_runtime': 282.1474, 'eval_samples_per_second': 10.682, 'eval_steps_per_second': 0.17, 'epoch': 18.0}
{'loss': 0.244, 'learning_rate': 1.2010610079575597e-05, 'epoch': 19.0}
{'eval_loss': 0.0070921313017606735, 'eval_cer': 0.004833333333333334, 'eval_wer': 0.004833333333333334, 'eval_runtime': 358.6574, 'eval_samples_per_second': 16.729, 'eval_steps_per_second': 0.262, 'epoch': 2.0}
{'loss': 0.0049, 'learning_rate': 4.401421800947868e-05, 'epoch': 3.0}
{'eval_loss': 0.6073505282402039, 'eval_cer': 0.006333333333333333, 'eval_wer': 0.006333333333333333, 'eval_runtime': 359.5193, 'eval_samples_per_second': 16.689, 'eval_steps_per_second': 0.261, 'epoch': 1.0}
{'loss': 0.1161, 'learning_rate': 4.601421800947868e-05, 'epoch': 2.0}
{'eval_loss': 2.6262924671173096, 'eval_cer': 0.6110476929247342, 'eval_wer': 0.8393850318269291, 'eval_runtime': 270.2497, 'eval_samples_per_second': 11.153, 'eval_steps_per_second': 0.178, 'epoch': 12.0}
{'loss': 0.4657, 'learning_rate': 2.4021220159151193e-05, 'epoch': 13.0}
{'eval_loss': 2.6708261966705322, 'eval_cer': 0.6044277157552812, 'eval_wer': 0.8290862181995051, 'eval_runtime': 283.9884, 'eval_samples_per_second': 10.613, 'eval_steps_per_second': 0.169, 'epoch': 13.0}
{'loss': 0.3579, 'learning_rate': 2.2021220159151196e-05, 'epoch': 14.0}
{'eval_loss': 2.7561678886413574, 'eval_cer': 0.6109551366527245, 'eval_wer': 0.8390466724469727, 'eval_runtime': 255.1107, 'eval_samples_per_second': 11.814, 'eval_steps_per_second': 0.188, 'epoch': 14.0}
{'loss': 0.2769, 'learning_rate': 2.0021220159151194e-05, 'epoch': 15.0}
{'eval_loss': 0.006712509784847498, 'eval_cer': 0.003833333333333333, 'eval_wer': 0.003833333333333333, 'eval_runtime': 387.9411, 'eval_samples_per_second': 15.466, 'eval_steps_per_second': 0.242, 'epoch': 3.0}
{'loss': 0.005, 'learning_rate': 4.2014218009478676e-05, 'epoch': 4.0}
{'eval_loss': 2.7718257904052734, 'eval_cer': 0.5996853086751671, 'eval_wer': 0.8281134349821304, 'eval_runtime': 252.2706, 'eval_samples_per_second': 11.947, 'eval_steps_per_second': 0.19, 'epoch': 15.0}
{'loss': 0.2137, 'learning_rate': 1.8021220159151193e-05, 'epoch': 16.0}
{'eval_loss': 2.1510169506073, 'eval_cer': 0.026166666666666668, 'eval_wer': 0.026166666666666668, 'eval_runtime': 385.4166, 'eval_samples_per_second': 15.568, 'eval_steps_per_second': 0.244, 'epoch': 2.0}
{'loss': 0.0506, 'learning_rate': 4.401421800947868e-05, 'epoch': 3.0}
{'eval_loss': 2.8351006507873535, 'eval_cer': 0.6054193900982419, 'eval_wer': 0.8377778247721361, 'eval_runtime': 256.5943, 'eval_samples_per_second': 11.746, 'eval_steps_per_second': 0.187, 'epoch': 16.0}
{'loss': 0.1713, 'learning_rate': 1.6021220159151195e-05, 'epoch': 17.0}
{'eval_loss': 2.8681607246398926, 'eval_cer': 0.5978914799747894, 'eval_wer': 0.829762936959418, 'eval_runtime': 279.9406, 'eval_samples_per_second': 10.767, 'eval_steps_per_second': 0.171, 'epoch': 17.0}
{'loss': 0.1375, 'learning_rate': 1.4021220159151194e-05, 'epoch': 18.0}
{'eval_loss': 2.50718092918396, 'eval_cer': 0.024333333333333332, 'eval_wer': 0.024333333333333332, 'eval_runtime': 423.6167, 'eval_samples_per_second': 14.164, 'eval_steps_per_second': 0.222, 'epoch': 3.0}
{'loss': 0.036, 'learning_rate': 4.2014218009478676e-05, 'epoch': 4.0}
{'eval_loss': 2.099022388458252, 'eval_cer': 0.010833333333333334, 'eval_wer': 0.010833333333333334, 'eval_runtime': 423.9075, 'eval_samples_per_second': 14.154, 'eval_steps_per_second': 0.222, 'epoch': 4.0}
{'train_runtime': 22756.88, 'train_samples_per_second': 59.323, 'train_steps_per_second': 0.927, 'train_loss': 0.3500274532779133, 'epoch': 4.0}
***** train metrics *****
  epoch                    =        4.0
  train_loss               =       0.35
  train_runtime            = 6:19:16.88
  train_samples_per_second =     59.323
  train_steps_per_second   =      0.927
Evaluating model
***** eval metrics *****
  epoch                   =        4.0
  eval_cer                =     0.0063
  eval_loss               =     0.6074
  eval_runtime            = 0:05:08.16
  eval_samples_per_second =      19.47
  eval_steps_per_second   =      0.305
  eval_wer                =     0.0063
Predicting
***** predict metrics *****
  predict_cer                =     0.0086
  predict_loss               =     0.6136
  predict_runtime            = 0:01:20.62
  predict_samples_per_second =    124.026
  predict_steps_per_second   =      1.947
  predict_wer                =     0.0086
Training ended at Thu Jul 14 20:04:06 EDT 2022
