Dataset: DatasetDict({
    train: Dataset({
        features: ['id', 'image', 'text'],
        num_rows: 17702
    })
    validation: Dataset({
        features: ['id', 'image', 'text'],
        num_rows: 2213
    })
    test: Dataset({
        features: ['id', 'image', 'text'],
        num_rows: 2213
    })
})
Char Error Rate: 0.6373631873998932
Word Error Rate: 0.8848967471993522
Downloading and preparing dataset ara_ocr_dataset/IDPL-PFOD to /home/gagan30/.cache/huggingface/datasets/ara_ocr_dataset/IDPL-PFOD/1.0.0/e8533d42236bf4531c42eaa5dce770633303ca11ee844aa31b18277db7fddbc9...
Dataset ara_ocr_dataset downloaded and prepared to /home/gagan30/.cache/huggingface/datasets/ara_ocr_dataset/IDPL-PFOD/1.0.0/e8533d42236bf4531c42eaa5dce770633303ca11ee844aa31b18277db7fddbc9. Subsequent calls will reuse this data.
Dataset: DatasetDict({
    train: Dataset({
        features: ['id', 'image', 'text'],
        num_rows: 24110
    })
    validation: Dataset({
        features: ['id', 'image', 'text'],
        num_rows: 3014
    })
    test: Dataset({
        features: ['id', 'image', 'text'],
        num_rows: 3014
    })
})
Char Error Rate: 0.35974841670771096
Word Error Rate: 0.7753567083287247
Downloading and preparing dataset ara_ocr_dataset/OnlineKhatt to /home/gagan30/.cache/huggingface/datasets/ara_ocr_dataset/OnlineKhatt/1.0.0/e5dd57150e9c7e76784db7533b9bcc96d8ecfd0aa004a86a609523d5fa1de6df...
Dataset ara_ocr_dataset downloaded and prepared to /home/gagan30/.cache/huggingface/datasets/ara_ocr_dataset/OnlineKhatt/1.0.0/e5dd57150e9c7e76784db7533b9bcc96d8ecfd0aa004a86a609523d5fa1de6df. Subsequent calls will reuse this data.
