Training started at Wed Aug 10 20:41:31 EDT 2022
Num of node 1
Num of GPU per node 4
PROCID: 0
LOCALID: 0
model_name: ../models/trocr-base
Dataset: PATS01
Epochs: 25
Training started at Wed Aug 10 20:41:31 EDT 2022
Training started at Wed Aug 10 20:41:31 EDT 2022
Num of node 1
Num of GPU per node 4
PROCID: 0
LOCALID: 0
model_name: ../models/trocr-base
Dataset: AHCD
Epochs: 25
Training started at Wed Aug 10 20:41:31 EDT 2022
ModelArguments(use_encoder_decoder=False, encoder_model_name_or_path=None, decoder_model_name_or_path=None, model_name_or_path='../models/trocr-base', config_name=None, tokenizer_name=None, cache_dir='/home/ahsang/scratch/arocr/cache/', save_dir=None, use_fast_tokenizer=True, model_revision='main', use_auth_token=False, resize_position_embeddings=None) DataTrainingArguments(lang=None, dataset_name='/home/ahsang/scratch/AraOCR_dataset', dataset_config_name='PATS01', text_column=None, summary_column=None, train_file=None, validation_file=None, test_file=None, overwrite_cache=False, preprocessing_num_workers=None, max_source_length=1024, max_target_length=128, val_max_target_length=None, pad_to_max_length=False, max_train_samples=None, max_eval_samples=None, max_predict_samples=None, num_beams=None, ignore_pad_token_for_loss=True, source_prefix='', forced_bos_token=None, split=1) Seq2SeqTrainingArguments(
_n_gpu=1,
adafactor=False,
adam_beta1=0.9,
adam_beta2=0.999,
adam_epsilon=1e-08,
auto_find_batch_size=False,
bf16=False,
bf16_full_eval=False,
data_seed=None,
dataloader_drop_last=False,
dataloader_num_workers=0,
dataloader_pin_memory=True,
ddp_bucket_cap_mb=None,
ddp_find_unused_parameters=None,
debug=[],
deepspeed=None,
disable_tqdm=False,
do_eval=True,
do_predict=True,
do_train=True,
eval_accumulation_steps=None,
eval_delay=0,
eval_steps=None,
evaluation_strategy=IntervalStrategy.EPOCH,
fp16=True,
fp16_backend=auto,
fp16_full_eval=False,
fp16_opt_level=O1,
fsdp=[],
fsdp_min_num_params=0,
full_determinism=False,
generation_max_length=None,
generation_num_beams=None,
gradient_accumulation_steps=1,
gradient_checkpointing=False,
greater_is_better=False,
group_by_length=False,
half_precision_backend=auto,
hub_model_id=None,
hub_private_repo=False,
hub_strategy=HubStrategy.EVERY_SAVE,
hub_token=<HUB_TOKEN>,
ignore_data_skip=False,
include_inputs_for_metrics=False,
jit_mode_eval=False,
label_names=None,
label_smoothing_factor=0.0,
learning_rate=5e-05,
length_column_name=length,
load_best_model_at_end=True,
local_rank=-1,
log_level=-1,
log_level_replica=-1,
log_on_each_node=True,
logging_dir=/home/ahsang/scratch/arocr/results/PATS01-arbert-finetune-deit-base/runs/Aug10_20-41-37_ng10302.narval.calcul.quebec,
logging_first_step=False,
logging_nan_inf_filter=True,
logging_steps=500,
logging_strategy=IntervalStrategy.EPOCH,
lr_scheduler_type=SchedulerType.LINEAR,
max_grad_norm=1.0,
max_steps=-1,
metric_for_best_model=cer,
mp_parameters=,
no_cuda=False,
num_train_epochs=25,
optim=OptimizerNames.ADAMW_HF,
output_dir=/home/ahsang/scratch/arocr/results/PATS01-arbert-finetune-deit-base,
overwrite_output_dir=False,
past_index=-1,
per_device_eval_batch_size=8,
per_device_train_batch_size=8,
predict_with_generate=True,
prediction_loss_only=False,
push_to_hub=False,
push_to_hub_model_id=None,
push_to_hub_organization=None,
push_to_hub_token=<PUSH_TO_HUB_TOKEN>,
ray_scope=last,
remove_unused_columns=True,
report_to=[],
resume_from_checkpoint=None,
run_name=PATS01-arbert-finetune-deit-base,
save_on_each_node=False,
save_steps=500,
save_strategy=IntervalStrategy.EPOCH,
save_total_limit=2,
seed=42,
sharded_ddp=[],
skip_memory_metrics=True,
sortish_sampler=False,
tf32=None,
torchdynamo=None,
tpu_metrics_debug=False,
tpu_num_cores=None,
use_ipex=False,
use_legacy_prediction_loop=False,
warmup_ratio=0.0,
warmup_steps=0,
weight_decay=0.0,
xpu_backend=None,
)
Train dataset size: 20091
Eval dataset size: 2512
Predict dataset size: 2511
Training ended at Wed Aug 10 20:43:03 EDT 2022
Train dataset size: 24110
Eval dataset size: 3014
Predict dataset size: 3014
Training ended at Wed Aug 10 20:43:45 EDT 2022
Train dataset size: 17702
Eval dataset size: 2213
Predict dataset size: 2213
Training ended at Wed Aug 10 20:46:15 EDT 2022
ModelArguments(use_encoder_decoder=False, encoder_model_name_or_path=None, decoder_model_name_or_path=None, model_name_or_path='../models/trocr-base', config_name=None, tokenizer_name=None, cache_dir='/home/ahsang/scratch/arocr/cache/', save_dir=None, use_fast_tokenizer=True, model_revision='main', use_auth_token=False, resize_position_embeddings=None) DataTrainingArguments(lang=None, dataset_name='/home/ahsang/scratch/AraOCR_dataset', dataset_config_name='MADBase', text_column=None, summary_column=None, train_file=None, validation_file=None, test_file=None, overwrite_cache=False, preprocessing_num_workers=None, max_source_length=1024, max_target_length=128, val_max_target_length=None, pad_to_max_length=False, max_train_samples=None, max_eval_samples=None, max_predict_samples=None, num_beams=None, ignore_pad_token_for_loss=True, source_prefix='', forced_bos_token=None, split=1) Seq2SeqTrainingArguments(
_n_gpu=1,
adafactor=False,
adam_beta1=0.9,
adam_beta2=0.999,
adam_epsilon=1e-08,
auto_find_batch_size=False,
bf16=False,
bf16_full_eval=False,
data_seed=None,
dataloader_drop_last=False,
dataloader_num_workers=0,
dataloader_pin_memory=True,
ddp_bucket_cap_mb=None,
ddp_find_unused_parameters=None,
debug=[],
deepspeed=None,
disable_tqdm=False,
do_eval=True,
do_predict=True,
do_train=True,
eval_accumulation_steps=None,
eval_delay=0,
eval_steps=None,
evaluation_strategy=IntervalStrategy.EPOCH,
fp16=True,
fp16_backend=auto,
fp16_full_eval=False,
fp16_opt_level=O1,
fsdp=[],
fsdp_min_num_params=0,
full_determinism=False,
generation_max_length=None,
generation_num_beams=None,
gradient_accumulation_steps=1,
gradient_checkpointing=False,
greater_is_better=False,
group_by_length=False,
half_precision_backend=auto,
hub_model_id=None,
hub_private_repo=False,
hub_strategy=HubStrategy.EVERY_SAVE,
hub_token=<HUB_TOKEN>,
ignore_data_skip=False,
include_inputs_for_metrics=False,
jit_mode_eval=False,
label_names=None,
label_smoothing_factor=0.0,
learning_rate=5e-05,
length_column_name=length,
load_best_model_at_end=True,
local_rank=-1,
log_level=-1,
log_level_replica=-1,
log_on_each_node=True,
logging_dir=/home/ahsang/scratch/arocr/results/MADBase-arbert-finetune-deit-base/runs/Aug10_20-37-47_ng30711.narval.calcul.quebec,
logging_first_step=False,
logging_nan_inf_filter=True,
logging_steps=500,
logging_strategy=IntervalStrategy.EPOCH,
lr_scheduler_type=SchedulerType.LINEAR,
max_grad_norm=1.0,
max_steps=-1,
metric_for_best_model=cer,
mp_parameters=,
no_cuda=False,
num_train_epochs=25,
optim=OptimizerNames.ADAMW_HF,
output_dir=/home/ahsang/scratch/arocr/results/MADBase-arbert-finetune-deit-base,
overwrite_output_dir=False,
past_index=-1,
per_device_eval_batch_size=8,
per_device_train_batch_size=8,
predict_with_generate=True,
prediction_loss_only=False,
push_to_hub=False,
push_to_hub_model_id=None,
push_to_hub_organization=None,
push_to_hub_token=<PUSH_TO_HUB_TOKEN>,
ray_scope=last,
remove_unused_columns=True,
report_to=[],
resume_from_checkpoint=None,
run_name=MADBase-arbert-finetune-deit-base,
save_on_each_node=False,
save_steps=500,
save_strategy=IntervalStrategy.EPOCH,
save_total_limit=2,
seed=42,
sharded_ddp=[],
skip_memory_metrics=True,
sortish_sampler=False,
tf32=None,
torchdynamo=None,
tpu_metrics_debug=False,
tpu_num_cores=None,
use_ipex=False,
use_legacy_prediction_loop=False,
warmup_ratio=0.0,
warmup_steps=0,
weight_decay=0.0,
xpu_backend=None,
)
Downloading and preparing dataset ara_ocr_dataset/MADBase to /home/ahsang/scratch/arocr/cache/ara_ocr_dataset/MADBase/1.0.0/674081b984da451699208b130681246d81ca8116de911c09fbfab59834584e7b...
Training ended at Wed Aug 10 20:57:51 EDT 2022
ModelArguments(use_encoder_decoder=False, encoder_model_name_or_path=None, decoder_model_name_or_path=None, model_name_or_path='../models/trocr-base', config_name=None, tokenizer_name=None, cache_dir='/home/ahsang/scratch/arocr/cache/', save_dir=None, use_fast_tokenizer=True, model_revision='main', use_auth_token=False, resize_position_embeddings=None) DataTrainingArguments(lang=None, dataset_name='/home/ahsang/scratch/AraOCR_dataset', dataset_config_name='AHCD', text_column=None, summary_column=None, train_file=None, validation_file=None, test_file=None, overwrite_cache=False, preprocessing_num_workers=None, max_source_length=1024, max_target_length=128, val_max_target_length=None, pad_to_max_length=False, max_train_samples=None, max_eval_samples=None, max_predict_samples=None, num_beams=None, ignore_pad_token_for_loss=True, source_prefix='', forced_bos_token=None, split=1) Seq2SeqTrainingArguments(
_n_gpu=1,
adafactor=False,
adam_beta1=0.9,
adam_beta2=0.999,
adam_epsilon=1e-08,
auto_find_batch_size=False,
bf16=False,
bf16_full_eval=False,
data_seed=None,
dataloader_drop_last=False,
dataloader_num_workers=0,
dataloader_pin_memory=True,
ddp_bucket_cap_mb=None,
ddp_find_unused_parameters=None,
debug=[],
deepspeed=None,
disable_tqdm=False,
do_eval=True,
do_predict=True,
do_train=True,
eval_accumulation_steps=None,
eval_delay=0,
eval_steps=None,
evaluation_strategy=IntervalStrategy.EPOCH,
fp16=True,
fp16_backend=auto,
fp16_full_eval=False,
fp16_opt_level=O1,
fsdp=[],
fsdp_min_num_params=0,
full_determinism=False,
generation_max_length=None,
generation_num_beams=None,
gradient_accumulation_steps=1,
gradient_checkpointing=False,
greater_is_better=False,
group_by_length=False,
half_precision_backend=auto,
hub_model_id=None,
hub_private_repo=False,
hub_strategy=HubStrategy.EVERY_SAVE,
hub_token=<HUB_TOKEN>,
ignore_data_skip=False,
include_inputs_for_metrics=False,
jit_mode_eval=False,
label_names=None,
label_smoothing_factor=0.0,
learning_rate=5e-05,
length_column_name=length,
load_best_model_at_end=True,
local_rank=-1,
log_level=-1,
log_level_replica=-1,
log_on_each_node=True,
logging_dir=/home/ahsang/scratch/arocr/results/AHCD-arbert-finetune-deit-base/runs/Aug10_20-41-37_ng11003.narval.calcul.quebec,
logging_first_step=False,
logging_nan_inf_filter=True,
logging_steps=500,
logging_strategy=IntervalStrategy.EPOCH,
lr_scheduler_type=SchedulerType.LINEAR,
max_grad_norm=1.0,
max_steps=-1,
metric_for_best_model=cer,
mp_parameters=,
no_cuda=False,
num_train_epochs=25,
optim=OptimizerNames.ADAMW_HF,
output_dir=/home/ahsang/scratch/arocr/results/AHCD-arbert-finetune-deit-base,
overwrite_output_dir=False,
past_index=-1,
per_device_eval_batch_size=8,
per_device_train_batch_size=8,
predict_with_generate=True,
prediction_loss_only=False,
push_to_hub=False,
push_to_hub_model_id=None,
push_to_hub_organization=None,
push_to_hub_token=<PUSH_TO_HUB_TOKEN>,
ray_scope=last,
remove_unused_columns=True,
report_to=[],
resume_from_checkpoint=None,
run_name=AHCD-arbert-finetune-deit-base,
save_on_each_node=False,
save_steps=500,
save_strategy=IntervalStrategy.EPOCH,
save_total_limit=2,
seed=42,
sharded_ddp=[],
skip_memory_metrics=True,
sortish_sampler=False,
tf32=None,
torchdynamo=None,
tpu_metrics_debug=False,
tpu_num_cores=None,
use_ipex=False,
use_legacy_prediction_loop=False,
warmup_ratio=0.0,
warmup_steps=0,
weight_decay=0.0,
xpu_backend=None,
)
Downloading and preparing dataset ara_ocr_dataset/AHCD to /home/ahsang/scratch/arocr/cache/ara_ocr_dataset/AHCD/1.0.0/674081b984da451699208b130681246d81ca8116de911c09fbfab59834584e7b...
Training ended at Wed Aug 10 21:01:42 EDT 2022
